<?xml version="1.0" encoding="UTF-8"?>
<!-- Generated by org.testng.reporters.JUnitReportReporter -->
<testsuite hostname="Mayur" failures="0" tests="1" name="fundModule.verifyUserCanAddFunds" time="0.499" errors="0" timestamp="2022-10-15T22:51:49 IST" skipped="0">
  <testcase classname="fundModule.verifyUserCanAddFunds" name="verifyUserCanLogin" time="0.499"/>
  <system-out/>
</testsuite> <!-- fundModule.verifyUserCanAddFunds -->
